22/03/26 23:32:09 INFO client.RMProxy: Connecting to ResourceManager at /0.0.0.0:8032
22/03/26 23:32:10 INFO input.FileInputFormat: Total input paths to process : 1
22/03/26 23:32:10 INFO mapreduce.JobSubmitter: number of splits:1
22/03/26 23:32:11 INFO mapreduce.JobSubmitter: Submitting tokens for job: job_1647787917702_0003
22/03/26 23:32:11 INFO impl.YarnClientImpl: Submitted application application_1647787917702_0003
22/03/26 23:32:11 INFO mapreduce.Job: The url to track the job: http://quickstart.cloudera:8088/proxy/application_1647787917702_0003/
22/03/26 23:32:11 INFO mapreduce.Job: Running job: job_1647787917702_0003
22/03/26 23:32:21 INFO mapreduce.Job: Job job_1647787917702_0003 running in uber mode : false
22/03/26 23:32:21 INFO mapreduce.Job:  map 0% reduce 0%
22/03/26 23:32:34 INFO mapreduce.Job:  map 100% reduce 0%
22/03/26 23:32:45 INFO mapreduce.Job:  map 100% reduce 100%
22/03/26 23:32:46 INFO mapreduce.Job: Job job_1647787917702_0003 completed successfully
22/03/26 23:32:46 INFO mapreduce.Job: Counters: 49
	File system Counters
		FILE: Number of bytes read=8420035
		FILE: Number of bytes written=17063959
		FILE: Number of read operations=0
		FILE: Number of large read operations=0
		FILE: Number of write operations=0
		HDFS: Number of bytes read=5590006
		HDFS: Number of bytes written=145
		HDFS: Number of read operations=6
		HDFS: Number of large read operations=0
		HDFS: Number of write operations=2
	Job Counters 
		Launched map tasks=1
		Launched reduce tasks=1
		Data-local map tasks=1
		Total time spent by all maps in occupied slots (ms)=10257
		Total time spent by all reduces in occupied slots (ms)=9179
		Total time spent by all map tasks (ms)=10257
		Total time spent by all reduce tasks (ms)=9179
		Total vcore-seconds taken by all map tasks=10257
		Total vcore-seconds taken by all reduce tasks=9179
		Total megabyte-seconds taken by all map tasks=10503168
		Total megabyte-seconds taken by all reduce tasks=9399296
	Map-Reduce Framework
		Map input records=124787
		Map output records=1050323
		Map output bytes=6319383
		Map output materialized bytes=8420035
		Input split bytes=120
		Combine input records=0
		Combine output records=0
		Reduce input groups=19
		Reduce shuffle bytes=8420035
		Reduce input records=1050323
		Reduce output records=19
		Spilled Records=2100646
		Shuffled Maps =1
		Failed Shuffles=0
		Merged Map outputs=1
		GC time elapsed (ms)=232
		CPU time spent (ms)=6460
		Physical memory (bytes) snapshot=334327808
		Virtual memory (bytes) snapshot=3008671744
		Total committed heap usage (bytes)=226365440
	Shuffle Errors
		BAD_ID=0
		CONNECTION=0
		IO_ERROR=0
		WRONG_LENGTH=0
		WRONG_MAP=0
		WRONG_REDUCE=0
	File Input Format Counters 
		Bytes Read=5589886
	File Output Format Counters 
		Bytes Written=145
