22/03/26 23:33:26 INFO client.RMProxy: Connecting to ResourceManager at /0.0.0.0:8032
22/03/26 23:33:27 INFO input.FileInputFormat: Total input paths to process : 1
22/03/26 23:33:27 INFO mapreduce.JobSubmitter: number of splits:1
22/03/26 23:33:27 INFO mapreduce.JobSubmitter: Submitting tokens for job: job_1647787917702_0004
22/03/26 23:33:28 INFO impl.YarnClientImpl: Submitted application application_1647787917702_0004
22/03/26 23:33:28 INFO mapreduce.Job: The url to track the job: http://quickstart.cloudera:8088/proxy/application_1647787917702_0004/
22/03/26 23:33:28 INFO mapreduce.Job: Running job: job_1647787917702_0004
22/03/26 23:33:38 INFO mapreduce.Job: Job job_1647787917702_0004 running in uber mode : false
22/03/26 23:33:38 INFO mapreduce.Job:  map 0% reduce 0%
22/03/26 23:33:49 INFO mapreduce.Job:  map 100% reduce 0%
22/03/26 23:33:59 INFO mapreduce.Job:  map 100% reduce 100%
22/03/26 23:34:01 INFO mapreduce.Job: Job job_1647787917702_0004 completed successfully
22/03/26 23:34:01 INFO mapreduce.Job: Counters: 49
	File System Counters
		FILE: Number of bytes read=2651302
		FILE: Number of bytes written=5526493
		FILE: Number of read operations=0
		FILE: Number of large read operations=0
		FILE: Number of write operations=0
		HDFS: Number of bytes read=1799696
		HDFS: Number of bytes written=143
		HDFS: Number of read operations=6
		HDFS: Number of large read operations=0
		HDFS: Number of write operations=2
	Job Counters 
		Launched map tasks=1
		Launched reduce tasks=1
		Data-local map tasks=1
		Total time spent by all maps in occupied slots (ms)=8285
		Total time spent by all reduces in occupied slots (ms)=8190
		Total time spent by all map tasks (ms)=8285
		Total time spent by all reduce tasks (ms)=8190
		Total vcore-seconds taken by all map tasks=8285
		Total vcore-seconds taken by all reduce tasks=8190
		Total megabyte-seconds taken by all map tasks=8483840
		Total megabyte-seconds taken by all reduce tasks=8386560
	Map-Reduce Framework
		Map input records=29985
		Map output records=329869
		Map output bytes=1991558
		Map output materialized bytes=2651302
		Input split bytes=119
		Combine input records=0
		Combine output records=0
		Reduce input groups=20
		Reduce shuffle bytes=2651302
		Reduce input records=329869
		Reduce output records=20
		Spilled Records=659738
		Shuffled Maps =1
		Failed Shuffles=0
		Merged Map outputs=1
		GC time elapsed (ms)=162
		CPU time spent (ms)=4450
		Physical memory (bytes) snapshot=337395712
		Virtual memory (bytes) snapshot=3008774144
		Total committed heap usage (bytes)=226365440
	Shuffle Errors
		BAD_ID=0
		CONNECTION=0
		IO_ERROR=0
		WRONG_LENGTH=0
		WRONG_MAP=0
		WRONG_REDUCE=0
	File Input Format Counters 
		Bytes Read=1799577
	File Output Format Counters 
		Bytes Written=143
