22/03/26 23:44:05 INFO client.RMProxy: Connecting to ResourceManager at /0.0.0.0:8032
22/03/26 23:44:06 INFO input.FileInputFormat: Total input paths to process : 1
22/03/26 23:44:06 INFO mapreduce.JobSubmitter: number of splits:1
22/03/26 23:44:06 INFO mapreduce.JobSubmitter: Submitting tokens for job: job_1647787917702_0006
22/03/26 23:44:07 INFO impl.YarnClientImpl: Submitted application application_1647787917702_0006
22/03/26 23:44:07 INFO mapreduce.Job: The url to track the job: http://quickstart.cloudera:8088/proxy/application_1647787917702_0006/
22/03/26 23:44:07 INFO mapreduce.Job: Running job: job_1647787917702_0006
22/03/26 23:44:17 INFO mapreduce.Job: Job job_1647787917702_0006 running in uber mode : false
22/03/26 23:44:17 INFO mapreduce.Job:  map 0% reduce 0%
22/03/26 23:44:28 INFO mapreduce.Job:  map 100% reduce 0%
22/03/26 23:44:39 INFO mapreduce.Job:  map 100% reduce 100%
22/03/26 23:44:39 INFO mapreduce.Job: Job job_1647787917702_0006 completed successfully
22/03/26 23:44:39 INFO mapreduce.Job: Counters: 49
	File System Counters
		FILE: Number of bytes read=140455
		FILE: Number of bytes written=504799
		FILE: Number of read operations=0
		FILE: Number of large read operations=0
		FILE: Number of write operations=0
		HDFS: Number of bytes read=1799696
		HDFS: Number of bytes written=125
		HDFS: Number of read operations=6
		HDFS: Number of large read operations=0
		HDFS: Number of write operations=2
	Job Counters 
		Launched map tasks=1
		Launched reduce tasks=1
		Data-local map tasks=1
		Total time spent by all maps in occupied slots (ms)=8911
		Total time spent by all reduces in occupied slots (ms)=7760
		Total time spent by all map tasks (ms)=8911
		Total time spent by all reduce tasks (ms)=7760
		Total vcore-seconds taken by all map tasks=8911
		Total vcore-seconds taken by all reduce tasks=7760
		Total megabyte-seconds taken by all map tasks=9124864
		Total megabyte-seconds taken by all reduce tasks=7946240
	Map-Reduce Framework
		Map input records=29985
		Map output records=17108
		Map output bytes=106233
		Map output materialized bytes=140455
		Input split bytes=119
		Combine input records=0
		Combine output records=0
		Reduce input groups=20
		Reduce shuffle bytes=140455
		Reduce input records=17108
		Reduce output records=20
		Spilled Records=34216
		Shuffled Maps =1
		Failed Shuffles=0
		Merged Map outputs=1
		GC time elapsed (ms)=157
		CPU time spent (ms)=5160
		Physical memory (bytes) snapshot=340336640
		Virtual memory (bytes) snapshot=3008466944
		Total committed heap usage (bytes)=226365440
	Shuffle Errors
		BAD_ID=0
		CONNECTION=0
		IO_ERROR=0
		WRONG_LENGTH=0
		WRONG_MAP=0
		WRONG_REDUCE=0
	File Input Format Counters 
		Bytes Read=1799577
	File Output Format Counters 
		Bytes Written=125
